2020-01-10 10:07:09.927  INFO 4396 --- [restartedMain] c.bridgelabz.usermanagement.Application  : Starting Application on admin with PID 4396 (/home/admin1/MangementUserProject/UserManagement/target/classes started by admin1 in /home/admin1/MangementUserProject/UserManagement)
2020-01-10 10:07:09.931  INFO 4396 --- [restartedMain] c.bridgelabz.usermanagement.Application  : No active profile set, falling back to default profiles: default
2020-01-10 10:07:10.213  INFO 4396 --- [restartedMain] o.s.b.devtools.restart.ChangeableUrls    : The Class-Path manifest attribute in /home/admin1/.m2/repository/org/glassfish/jaxb/jaxb-runtime/2.3.2/jaxb-runtime-2.3.2.jar referenced one or more files that do not exist: file:/home/admin1/.m2/repository/org/glassfish/jaxb/jaxb-runtime/2.3.2/jakarta.xml.bind-api-2.3.2.jar,file:/home/admin1/.m2/repository/org/glassfish/jaxb/jaxb-runtime/2.3.2/txw2-2.3.2.jar,file:/home/admin1/.m2/repository/org/glassfish/jaxb/jaxb-runtime/2.3.2/istack-commons-runtime-3.0.8.jar,file:/home/admin1/.m2/repository/org/glassfish/jaxb/jaxb-runtime/2.3.2/stax-ex-1.8.1.jar,file:/home/admin1/.m2/repository/org/glassfish/jaxb/jaxb-runtime/2.3.2/FastInfoset-1.2.16.jar,file:/home/admin1/.m2/repository/org/glassfish/jaxb/jaxb-runtime/2.3.2/jakarta.activation-api-1.2.1.jar
2020-01-10 10:07:10.214  INFO 4396 --- [restartedMain] .e.DevToolsPropertyDefaultsPostProcessor : Devtools property defaults active! Set 'spring.devtools.add-properties' to 'false' to disable
2020-01-10 10:07:10.214  INFO 4396 --- [restartedMain] .e.DevToolsPropertyDefaultsPostProcessor : For additional web related logging consider setting the 'logging.level.web' property to 'DEBUG'
2020-01-10 10:07:14.270  INFO 4396 --- [restartedMain] .s.d.r.c.RepositoryConfigurationDelegate : Bootstrapping Spring Data JPA repositories in DEFAULT mode.
2020-01-10 10:07:14.595  INFO 4396 --- [restartedMain] .s.d.r.c.RepositoryConfigurationDelegate : Finished Spring Data repository scanning in 166ms. Found 2 JPA repository interfaces.
2020-01-10 10:07:15.101  INFO 4396 --- [restartedMain] trationDelegate$BeanPostProcessorChecker : Bean 'org.springframework.transaction.annotation.ProxyTransactionManagementConfiguration' of type [org.springframework.transaction.annotation.ProxyTransactionManagementConfiguration] is not eligible for getting processed by all BeanPostProcessors (for example: not eligible for auto-proxying)
2020-01-10 10:07:15.856  INFO 4396 --- [restartedMain] o.s.b.w.embedded.tomcat.TomcatWebServer  : Tomcat initialized with port(s): 8084 (http)
2020-01-10 10:07:15.875  INFO 4396 --- [restartedMain] o.apache.catalina.core.StandardService   : Starting service [Tomcat]
2020-01-10 10:07:15.876  INFO 4396 --- [restartedMain] org.apache.catalina.core.StandardEngine  : Starting Servlet engine: [Apache Tomcat/9.0.30]
2020-01-10 10:07:16.222  INFO 4396 --- [restartedMain] o.a.c.c.C.[Tomcat].[localhost].[/]       : Initializing Spring embedded WebApplicationContext
2020-01-10 10:07:16.222  INFO 4396 --- [restartedMain] o.s.web.context.ContextLoader            : Root WebApplicationContext: initialization completed in 6008 ms
2020-01-10 10:07:17.335  INFO 4396 --- [restartedMain] o.hibernate.jpa.internal.util.LogHelper  : HHH000204: Processing PersistenceUnitInfo [name: default]
2020-01-10 10:07:18.355  INFO 4396 --- [restartedMain] org.hibernate.Version                    : HHH000412: Hibernate Core {5.4.9.Final}
2020-01-10 10:07:19.508  INFO 4396 --- [restartedMain] o.hibernate.annotations.common.Version   : HCANN000001: Hibernate Commons Annotations {5.1.0.Final}
2020-01-10 10:07:20.771  INFO 4396 --- [restartedMain] com.zaxxer.hikari.HikariDataSource       : HikariPool-1 - Starting...
2020-01-10 10:07:21.495  INFO 4396 --- [restartedMain] com.zaxxer.hikari.HikariDataSource       : HikariPool-1 - Start completed.
2020-01-10 10:07:21.642  INFO 4396 --- [restartedMain] org.hibernate.dialect.Dialect            : HHH000400: Using dialect: org.hibernate.dialect.MySQL5Dialect
2020-01-10 10:07:25.219  INFO 4396 --- [restartedMain] o.h.e.t.j.p.i.JtaPlatformInitiator       : HHH000490: Using JtaPlatform implementation: [org.hibernate.engine.transaction.jta.platform.internal.NoJtaPlatform]
2020-01-10 10:07:25.224  INFO 4396 --- [restartedMain] j.LocalContainerEntityManagerFactoryBean : Initialized JPA EntityManagerFactory for persistence unit 'default'
2020-01-10 10:07:25.309  INFO 4396 --- [restartedMain] o.s.b.d.a.OptionalLiveReloadServer       : LiveReload server is running on port 35729
2020-01-10 10:07:28.411  WARN 4396 --- [restartedMain] JpaBaseConfiguration$JpaWebConfiguration : spring.jpa.open-in-view is enabled by default. Therefore, database queries may be performed during view rendering. Explicitly configure spring.jpa.open-in-view to disable this warning
2020-01-10 10:07:28.772  INFO 4396 --- [restartedMain] pertySourcedRequestMappingHandlerMapping : Mapped URL path [/v2/api-docs] onto method [springfox.documentation.swagger2.web.Swagger2Controller#getDocumentation(String, HttpServletRequest)]
2020-01-10 10:07:28.919  INFO 4396 --- [restartedMain] o.s.s.concurrent.ThreadPoolTaskExecutor  : Initializing ExecutorService 'applicationTaskExecutor'
2020-01-10 10:07:29.332  INFO 4396 --- [restartedMain] d.s.w.p.DocumentationPluginsBootstrapper : Context refreshed
2020-01-10 10:07:29.845  INFO 4396 --- [restartedMain] d.s.w.p.DocumentationPluginsBootstrapper : Found 1 custom documentation plugin(s)
2020-01-10 10:07:29.859  INFO 4396 --- [restartedMain] s.d.s.w.s.ApiListingReferenceScanner     : Scanning for api listing references
2020-01-10 10:07:30.379  INFO 4396 --- [restartedMain] o.s.b.w.embedded.tomcat.TomcatWebServer  : Tomcat started on port(s): 8084 (http) with context path ''
2020-01-10 10:07:30.381  INFO 4396 --- [restartedMain] c.bridgelabz.usermanagement.Application  : Started Application in 23.645 seconds (JVM running for 29.51)
2020-01-10 10:10:57.752  INFO 4396 --- [http-nio-8084-exec-1] o.a.c.c.C.[Tomcat].[localhost].[/]       : Initializing Spring DispatcherServlet 'dispatcherServlet'
2020-01-10 10:10:57.752  INFO 4396 --- [http-nio-8084-exec-1] o.s.web.servlet.DispatcherServlet        : Initializing Servlet 'dispatcherServlet'
2020-01-10 10:10:57.758  INFO 4396 --- [http-nio-8084-exec-1] o.s.web.servlet.DispatcherServlet        : Completed initialization in 6 ms
2020-01-10 10:10:58.286  INFO 4396 --- [http-nio-8084-exec-3] c.b.u.service.ImplUserService            : User fetched success
2020-01-10 10:11:00.795  INFO 4396 --- [http-nio-8084-exec-6] c.b.u.service.ImplUserService            : User fetched success
2020-01-10 10:11:53.600  INFO 4396 --- [http-nio-8084-exec-10] c.b.u.service.ImplUserService            : User fetched success
2020-01-10 10:12:54.287  INFO 4396 --- [http-nio-8084-exec-3] c.b.u.service.ImplUserService            : User fetched success
2020-01-10 10:12:56.524  INFO 4396 --- [http-nio-8084-exec-6] c.b.u.service.ImplUserService            : User fetched success
2020-01-10 10:12:56.535  INFO 4396 --- [http-nio-8084-exec-7] c.b.u.service.ImplUserService            : User fetched success
2020-01-10 10:14:07.111  INFO 4396 --- [http-nio-8084-exec-1] c.b.u.controller.UserController          : Register controller method
2020-01-10 10:14:07.111  INFO 4396 --- [http-nio-8084-exec-1] c.b.u.service.ImplUserService            : Register service method
2020-01-10 10:14:07.410  WARN 4396 --- [http-nio-8084-exec-1] .m.m.a.ExceptionHandlerExceptionResolver : Resolved [org.springframework.dao.InvalidDataAccessApiUsageException: detached entity passed to persist: com.bridgelabz.usermanagement.entity.Permission; nested exception is org.hibernate.PersistentObjectException: detached entity passed to persist: com.bridgelabz.usermanagement.entity.Permission]
2020-01-10 10:14:29.319  WARN 4396 --- [http-nio-8084-exec-4] .m.m.a.ExceptionHandlerExceptionResolver : Resolved [org.springframework.web.HttpRequestMethodNotSupportedException: Request method 'GET' not supported]
2020-01-10 10:14:34.455  INFO 4396 --- [http-nio-8084-exec-5] c.b.u.controller.UserController          : Register controller method
2020-01-10 10:14:34.455  INFO 4396 --- [http-nio-8084-exec-5] c.b.u.service.ImplUserService            : Register service method
2020-01-10 10:14:34.458  WARN 4396 --- [http-nio-8084-exec-5] .m.m.a.ExceptionHandlerExceptionResolver : Resolved [com.bridgelabz.usermanagement.exception.custom.UserException: mark@gmail.com emailId already existed]
2020-01-10 10:15:19.329  INFO 4396 --- [http-nio-8084-exec-5] c.b.u.service.ImplUserService            : User fetched success
2020-01-10 10:17:20.053  INFO 4396 --- [http-nio-8084-exec-1] c.b.u.controller.UserController          : Register controller method
2020-01-10 10:17:20.053  INFO 4396 --- [http-nio-8084-exec-1] c.b.u.service.ImplUserService            : Register service method
2020-01-10 10:18:23.900  INFO 4396 --- [http-nio-8084-exec-10] c.b.u.service.ImplUserService            : User fetched success
2020-01-10 10:24:50.255  INFO 4396 --- [http-nio-8084-exec-7] c.b.u.service.ImplUserService            : User fetched success
2020-01-10 10:26:22.312  INFO 4396 --- [http-nio-8084-exec-5] c.b.u.controller.UserController          : Register controller method
2020-01-10 10:26:22.312  INFO 4396 --- [http-nio-8084-exec-5] c.b.u.service.ImplUserService            : Register service method
2020-01-10 10:27:05.861  INFO 4396 --- [http-nio-8084-exec-1] c.b.u.service.ImplUserService            : User fetched success
2020-01-10 10:28:31.240  INFO 4396 --- [http-nio-8084-exec-1] c.b.u.service.ImplUserService            : User fetched success
2020-01-10 10:30:33.489  INFO 4396 --- [http-nio-8084-exec-1] c.b.u.service.ImplUserService            : User fetched success
2020-01-10 10:32:03.288  INFO 4396 --- [http-nio-8084-exec-5] c.b.u.service.ImplUserService            : User fetched success
2020-01-10 10:40:43.036  INFO 4396 --- [http-nio-8084-exec-5] c.b.u.service.ImplUserService            : User fetched success
2020-01-10 10:40:52.005  INFO 4396 --- [http-nio-8084-exec-3] c.b.u.service.ImplUserService            : User fetched success
2020-01-10 10:41:06.966  INFO 4396 --- [http-nio-8084-exec-6] c.b.u.service.ImplUserService            : User fetched success
2020-01-10 10:42:02.129  INFO 4396 --- [http-nio-8084-exec-5] c.b.u.service.ImplUserService            : User fetched success
2020-01-10 10:42:06.017  INFO 4396 --- [http-nio-8084-exec-3] c.b.u.service.ImplUserService            : User fetched success
2020-01-10 10:42:29.563  INFO 4396 --- [http-nio-8084-exec-10] c.b.u.service.ImplUserService            : User fetched success
2020-01-10 10:42:36.478  INFO 4396 --- [http-nio-8084-exec-4] c.b.u.service.ImplUserService            : User fetched success
2020-01-10 10:44:30.039  INFO 4396 --- [http-nio-8084-exec-3] c.b.u.service.ImplUserService            : User fetched success
2020-01-10 10:44:33.210  INFO 4396 --- [http-nio-8084-exec-5] c.b.u.service.ImplUserService            : User fetched success
2020-01-10 10:44:33.219  INFO 4396 --- [http-nio-8084-exec-7] c.b.u.service.ImplUserService            : User fetched success
2020-01-10 10:44:35.869  INFO 4396 --- [http-nio-8084-exec-9] c.b.u.service.ImplUserService            : User fetched success
2020-01-10 10:44:35.878  INFO 4396 --- [http-nio-8084-exec-2] c.b.u.service.ImplUserService            : User fetched success
2020-01-10 10:47:39.523  INFO 4396 --- [http-nio-8084-exec-5] c.b.u.service.ImplUserService            : User fetched success
2020-01-10 10:47:39.530  INFO 4396 --- [http-nio-8084-exec-7] c.b.u.service.ImplUserService            : User fetched success
2020-01-10 10:50:30.994  INFO 4396 --- [http-nio-8084-exec-10] c.b.u.service.ImplUserService            : User fetched success
2020-01-10 10:50:31.001  INFO 4396 --- [http-nio-8084-exec-4] c.b.u.service.ImplUserService            : User fetched success
2020-01-10 10:52:43.133  INFO 4396 --- [http-nio-8084-exec-9] c.b.u.service.ImplUserService            : User fetched success
2020-01-10 10:53:12.482  INFO 4396 --- [http-nio-8084-exec-4] c.b.u.service.ImplUserService            : User fetched success
2020-01-10 10:56:21.256  INFO 4396 --- [http-nio-8084-exec-4] c.b.u.service.ImplUserService            : User fetched success
2020-01-10 10:59:54.619  INFO 4396 --- [Thread-4] o.s.s.concurrent.ThreadPoolTaskExecutor  : Shutting down ExecutorService 'applicationTaskExecutor'
2020-01-10 10:59:54.621  INFO 4396 --- [Thread-4] j.LocalContainerEntityManagerFactoryBean : Closing JPA EntityManagerFactory for persistence unit 'default'
2020-01-10 10:59:54.827  INFO 4396 --- [Thread-4] com.zaxxer.hikari.HikariDataSource       : HikariPool-1 - Shutdown initiated...
2020-01-10 10:59:54.850  INFO 4396 --- [Thread-4] com.zaxxer.hikari.HikariDataSource       : HikariPool-1 - Shutdown completed.
2020-01-10 10:59:55.571  INFO 4396 --- [restartedMain] c.bridgelabz.usermanagement.Application  : Starting Application on admin with PID 4396 (/home/admin1/MangementUserProject/UserManagement/target/classes started by admin1 in /home/admin1/MangementUserProject/UserManagement)
2020-01-10 10:59:55.571  INFO 4396 --- [restartedMain] c.bridgelabz.usermanagement.Application  : No active profile set, falling back to default profiles: default
2020-01-10 10:59:57.547  INFO 4396 --- [restartedMain] .s.d.r.c.RepositoryConfigurationDelegate : Bootstrapping Spring Data JPA repositories in DEFAULT mode.
2020-01-10 10:59:57.556  INFO 4396 --- [restartedMain] .s.d.r.c.RepositoryConfigurationDelegate : Finished Spring Data repository scanning in 8ms. Found 2 JPA repository interfaces.
2020-01-10 10:59:57.631  INFO 4396 --- [restartedMain] trationDelegate$BeanPostProcessorChecker : Bean 'org.springframework.transaction.annotation.ProxyTransactionManagementConfiguration' of type [org.springframework.transaction.annotation.ProxyTransactionManagementConfiguration] is not eligible for getting processed by all BeanPostProcessors (for example: not eligible for auto-proxying)
2020-01-10 10:59:58.206  INFO 4396 --- [restartedMain] o.s.b.w.embedded.tomcat.TomcatWebServer  : Tomcat initialized with port(s): 8084 (http)
2020-01-10 10:59:58.207  INFO 4396 --- [restartedMain] o.apache.catalina.core.StandardService   : Starting service [Tomcat]
2020-01-10 10:59:58.207  INFO 4396 --- [restartedMain] org.apache.catalina.core.StandardEngine  : Starting Servlet engine: [Apache Tomcat/9.0.30]
2020-01-10 10:59:58.270  INFO 4396 --- [restartedMain] o.a.c.c.C.[Tomcat].[localhost].[/]       : Initializing Spring embedded WebApplicationContext
2020-01-10 10:59:58.270  INFO 4396 --- [restartedMain] o.s.web.context.ContextLoader            : Root WebApplicationContext: initialization completed in 2697 ms
2020-01-10 10:59:58.321  INFO 4396 --- [restartedMain] o.hibernate.jpa.internal.util.LogHelper  : HHH000204: Processing PersistenceUnitInfo [name: default]
2020-01-10 10:59:58.325  INFO 4396 --- [restartedMain] com.zaxxer.hikari.HikariDataSource       : HikariPool-2 - Starting...
2020-01-10 10:59:58.328  INFO 4396 --- [restartedMain] com.zaxxer.hikari.HikariDataSource       : HikariPool-2 - Start completed.
2020-01-10 10:59:58.328  INFO 4396 --- [restartedMain] org.hibernate.dialect.Dialect            : HHH000400: Using dialect: org.hibernate.dialect.MySQL5Dialect
2020-01-10 11:00:02.450  INFO 4396 --- [restartedMain] o.h.e.t.j.p.i.JtaPlatformInitiator       : HHH000490: Using JtaPlatform implementation: [org.hibernate.engine.transaction.jta.platform.internal.NoJtaPlatform]
2020-01-10 11:00:02.450  INFO 4396 --- [restartedMain] j.LocalContainerEntityManagerFactoryBean : Initialized JPA EntityManagerFactory for persistence unit 'default'
2020-01-10 11:00:02.463  INFO 4396 --- [restartedMain] o.s.b.d.a.OptionalLiveReloadServer       : LiveReload server is running on port 35729
2020-01-10 11:00:02.708  WARN 4396 --- [restartedMain] JpaBaseConfiguration$JpaWebConfiguration : spring.jpa.open-in-view is enabled by default. Therefore, database queries may be performed during view rendering. Explicitly configure spring.jpa.open-in-view to disable this warning
2020-01-10 11:00:02.785  INFO 4396 --- [restartedMain] pertySourcedRequestMappingHandlerMapping : Mapped URL path [/v2/api-docs] onto method [springfox.documentation.swagger2.web.Swagger2Controller#getDocumentation(String, HttpServletRequest)]
2020-01-10 11:00:02.829  INFO 4396 --- [restartedMain] o.s.s.concurrent.ThreadPoolTaskExecutor  : Initializing ExecutorService 'applicationTaskExecutor'
2020-01-10 11:00:02.883  INFO 4396 --- [restartedMain] d.s.w.p.DocumentationPluginsBootstrapper : Context refreshed
2020-01-10 11:00:02.884  INFO 4396 --- [restartedMain] d.s.w.p.DocumentationPluginsBootstrapper : Found 1 custom documentation plugin(s)
2020-01-10 11:00:02.887  INFO 4396 --- [restartedMain] s.d.s.w.s.ApiListingReferenceScanner     : Scanning for api listing references
2020-01-10 11:00:02.929  INFO 4396 --- [restartedMain] o.s.b.w.embedded.tomcat.TomcatWebServer  : Tomcat started on port(s): 8084 (http) with context path ''
2020-01-10 11:00:02.937  INFO 4396 --- [restartedMain] c.bridgelabz.usermanagement.Application  : Started Application in 7.469 seconds (JVM running for 3182.066)
2020-01-10 11:00:02.939  INFO 4396 --- [restartedMain] .ConditionEvaluationDeltaLoggingListener : Condition evaluation unchanged
2020-01-10 11:00:04.285  INFO 4396 --- [Thread-8] o.s.s.concurrent.ThreadPoolTaskExecutor  : Shutting down ExecutorService 'applicationTaskExecutor'
2020-01-10 11:00:04.295  INFO 4396 --- [Thread-8] j.LocalContainerEntityManagerFactoryBean : Closing JPA EntityManagerFactory for persistence unit 'default'
2020-01-10 11:00:04.299  INFO 4396 --- [Thread-8] com.zaxxer.hikari.HikariDataSource       : HikariPool-2 - Shutdown initiated...
2020-01-10 11:00:04.310  INFO 4396 --- [Thread-8] com.zaxxer.hikari.HikariDataSource       : HikariPool-2 - Shutdown completed.
2020-01-10 11:00:04.388  INFO 4396 --- [restartedMain] c.bridgelabz.usermanagement.Application  : Starting Application on admin with PID 4396 (/home/admin1/MangementUserProject/UserManagement/target/classes started by admin1 in /home/admin1/MangementUserProject/UserManagement)
2020-01-10 11:00:04.388  INFO 4396 --- [restartedMain] c.bridgelabz.usermanagement.Application  : No active profile set, falling back to default profiles: default
2020-01-10 11:00:04.545  INFO 4396 --- [restartedMain] .s.d.r.c.RepositoryConfigurationDelegate : Bootstrapping Spring Data JPA repositories in DEFAULT mode.
2020-01-10 11:00:04.551  INFO 4396 --- [restartedMain] .s.d.r.c.RepositoryConfigurationDelegate : Finished Spring Data repository scanning in 5ms. Found 2 JPA repository interfaces.
2020-01-10 11:00:04.590  INFO 4396 --- [restartedMain] trationDelegate$BeanPostProcessorChecker : Bean 'org.springframework.transaction.annotation.ProxyTransactionManagementConfiguration' of type [org.springframework.transaction.annotation.ProxyTransactionManagementConfiguration] is not eligible for getting processed by all BeanPostProcessors (for example: not eligible for auto-proxying)
2020-01-10 11:00:04.627  INFO 4396 --- [restartedMain] o.s.b.w.embedded.tomcat.TomcatWebServer  : Tomcat initialized with port(s): 8084 (http)
2020-01-10 11:00:04.628  INFO 4396 --- [restartedMain] o.apache.catalina.core.StandardService   : Starting service [Tomcat]
2020-01-10 11:00:04.628  INFO 4396 --- [restartedMain] org.apache.catalina.core.StandardEngine  : Starting Servlet engine: [Apache Tomcat/9.0.30]
2020-01-10 11:00:04.635  INFO 4396 --- [restartedMain] o.a.c.c.C.[Tomcat].[localhost].[/]       : Initializing Spring embedded WebApplicationContext
2020-01-10 11:00:04.635  INFO 4396 --- [restartedMain] o.s.web.context.ContextLoader            : Root WebApplicationContext: initialization completed in 246 ms
2020-01-10 11:00:04.665  INFO 4396 --- [restartedMain] o.hibernate.jpa.internal.util.LogHelper  : HHH000204: Processing PersistenceUnitInfo [name: default]
2020-01-10 11:00:04.669  INFO 4396 --- [restartedMain] com.zaxxer.hikari.HikariDataSource       : HikariPool-3 - Starting...
2020-01-10 11:00:04.671  INFO 4396 --- [restartedMain] com.zaxxer.hikari.HikariDataSource       : HikariPool-3 - Start completed.
2020-01-10 11:00:04.671  INFO 4396 --- [restartedMain] org.hibernate.dialect.Dialect            : HHH000400: Using dialect: org.hibernate.dialect.MySQL5Dialect
2020-01-10 11:00:05.131  INFO 4396 --- [restartedMain] o.h.e.t.j.p.i.JtaPlatformInitiator       : HHH000490: Using JtaPlatform implementation: [org.hibernate.engine.transaction.jta.platform.internal.NoJtaPlatform]
2020-01-10 11:00:05.132  INFO 4396 --- [restartedMain] j.LocalContainerEntityManagerFactoryBean : Initialized JPA EntityManagerFactory for persistence unit 'default'
2020-01-10 11:00:05.146  INFO 4396 --- [restartedMain] o.s.b.d.a.OptionalLiveReloadServer       : LiveReload server is running on port 35729
2020-01-10 11:00:05.227  WARN 4396 --- [restartedMain] JpaBaseConfiguration$JpaWebConfiguration : spring.jpa.open-in-view is enabled by default. Therefore, database queries may be performed during view rendering. Explicitly configure spring.jpa.open-in-view to disable this warning
2020-01-10 11:00:05.269  INFO 4396 --- [restartedMain] pertySourcedRequestMappingHandlerMapping : Mapped URL path [/v2/api-docs] onto method [springfox.documentation.swagger2.web.Swagger2Controller#getDocumentation(String, HttpServletRequest)]
2020-01-10 11:00:05.300  INFO 4396 --- [restartedMain] o.s.s.concurrent.ThreadPoolTaskExecutor  : Initializing ExecutorService 'applicationTaskExecutor'
2020-01-10 11:00:05.337  INFO 4396 --- [restartedMain] d.s.w.p.DocumentationPluginsBootstrapper : Context refreshed
2020-01-10 11:00:05.338  INFO 4396 --- [restartedMain] d.s.w.p.DocumentationPluginsBootstrapper : Found 1 custom documentation plugin(s)
2020-01-10 11:00:05.341  INFO 4396 --- [restartedMain] s.d.s.w.s.ApiListingReferenceScanner     : Scanning for api listing references
2020-01-10 11:00:05.374  INFO 4396 --- [restartedMain] o.s.b.w.embedded.tomcat.TomcatWebServer  : Tomcat started on port(s): 8084 (http) with context path ''
2020-01-10 11:00:05.374  INFO 4396 --- [restartedMain] c.bridgelabz.usermanagement.Application  : Started Application in 1.0 seconds (JVM running for 3184.504)
2020-01-10 11:00:05.376  INFO 4396 --- [restartedMain] .ConditionEvaluationDeltaLoggingListener : Condition evaluation unchanged
